2023-04-08 13:02:07,514 [Worker-6: Loading available Gradle versions] INFO  o.e.b.c.i.u.g.PublishedGradleVersions - Gradle version information cache is up-to-date. Trying to read.
2023-04-08 13:03:24,123 [Worker-0: Loading available Gradle versions] INFO  o.e.b.c.i.u.g.PublishedGradleVersions - Gradle version information cache is up-to-date. Trying to read.
2023-04-08 13:04:31,840 [Worker-10: Launching mavenrun-201a8295-d437-4070-90ac-3981ace6c8f7] INFO  o.eclipse.m2e.core.internal.Bundles - getClasspathEntries(Bundle=org.eclipse.m2e.maven.runtime_3.8.701.20230209-1606 [273])
2023-04-08 13:04:31,885 [Worker-10: Launching mavenrun-201a8295-d437-4070-90ac-3981ace6c8f7] INFO  o.eclipse.m2e.core.internal.Bundles - 	Entry: C:\Users\Divyanshu\.p2\pool\plugins\org.eclipse.m2e.maven.runtime_3.8.701.20230209-1606
2023-04-08 13:04:31,886 [Worker-10: Launching mavenrun-201a8295-d437-4070-90ac-3981ace6c8f7] INFO  o.eclipse.m2e.core.internal.Bundles - 	Entry: C:\Users\Divyanshu\.p2\pool\plugins\org.eclipse.m2e.maven.runtime_3.8.701.20230209-1606\jars\aether-connector-okhttp-0.17.8.jar
2023-04-08 13:04:31,886 [Worker-10: Launching mavenrun-201a8295-d437-4070-90ac-3981ace6c8f7] INFO  o.eclipse.m2e.core.internal.Bundles - 	Entry: C:\Users\Divyanshu\.p2\pool\plugins\org.eclipse.m2e.maven.runtime_3.8.701.20230209-1606\jars\commons-lang3-3.8.1.jar
2023-04-08 13:04:31,887 [Worker-10: Launching mavenrun-201a8295-d437-4070-90ac-3981ace6c8f7] INFO  o.eclipse.m2e.core.internal.Bundles - 	Entry: C:\Users\Divyanshu\.p2\pool\plugins\org.eclipse.m2e.maven.runtime_3.8.701.20230209-1606\jars\guice-4.2.2-no_aop.jar
2023-04-08 13:04:31,887 [Worker-10: Launching mavenrun-201a8295-d437-4070-90ac-3981ace6c8f7] INFO  o.eclipse.m2e.core.internal.Bundles - 	Entry: C:\Users\Divyanshu\.p2\pool\plugins\org.eclipse.m2e.maven.runtime_3.8.701.20230209-1606\jars\jansi-2.4.0.jar
2023-04-08 13:04:31,888 [Worker-10: Launching mavenrun-201a8295-d437-4070-90ac-3981ace6c8f7] INFO  o.eclipse.m2e.core.internal.Bundles - 	Entry: C:\Users\Divyanshu\.p2\pool\plugins\org.eclipse.m2e.maven.runtime_3.8.701.20230209-1606\jars\maven-artifact-3.8.7.jar
2023-04-08 13:04:31,888 [Worker-10: Launching mavenrun-201a8295-d437-4070-90ac-3981ace6c8f7] INFO  o.eclipse.m2e.core.internal.Bundles - 	Entry: C:\Users\Divyanshu\.p2\pool\plugins\org.eclipse.m2e.maven.runtime_3.8.701.20230209-1606\jars\maven-builder-support-3.8.7.jar
2023-04-08 13:04:31,889 [Worker-10: Launching mavenrun-201a8295-d437-4070-90ac-3981ace6c8f7] INFO  o.eclipse.m2e.core.internal.Bundles - 	Entry: C:\Users\Divyanshu\.p2\pool\plugins\org.eclipse.m2e.maven.runtime_3.8.701.20230209-1606\jars\maven-compat-3.8.7.jar
2023-04-08 13:04:31,889 [Worker-10: Launching mavenrun-201a8295-d437-4070-90ac-3981ace6c8f7] INFO  o.eclipse.m2e.core.internal.Bundles - 	Entry: C:\Users\Divyanshu\.p2\pool\plugins\org.eclipse.m2e.maven.runtime_3.8.701.20230209-1606\jars\maven-core-3.8.7.jar
2023-04-08 13:04:31,890 [Worker-10: Launching mavenrun-201a8295-d437-4070-90ac-3981ace6c8f7] INFO  o.eclipse.m2e.core.internal.Bundles - 	Entry: C:\Users\Divyanshu\.p2\pool\plugins\org.eclipse.m2e.maven.runtime_3.8.701.20230209-1606\jars\maven-embedder-3.8.7.jar
2023-04-08 13:04:31,890 [Worker-10: Launching mavenrun-201a8295-d437-4070-90ac-3981ace6c8f7] INFO  o.eclipse.m2e.core.internal.Bundles - 	Entry: C:\Users\Divyanshu\.p2\pool\plugins\org.eclipse.m2e.maven.runtime_3.8.701.20230209-1606\jars\maven-model-3.8.7.jar
2023-04-08 13:04:31,890 [Worker-10: Launching mavenrun-201a8295-d437-4070-90ac-3981ace6c8f7] INFO  o.eclipse.m2e.core.internal.Bundles - 	Entry: C:\Users\Divyanshu\.p2\pool\plugins\org.eclipse.m2e.maven.runtime_3.8.701.20230209-1606\jars\maven-model-builder-3.8.7.jar
2023-04-08 13:04:31,891 [Worker-10: Launching mavenrun-201a8295-d437-4070-90ac-3981ace6c8f7] INFO  o.eclipse.m2e.core.internal.Bundles - 	Entry: C:\Users\Divyanshu\.p2\pool\plugins\org.eclipse.m2e.maven.runtime_3.8.701.20230209-1606\jars\maven-plugin-api-3.8.7.jar
2023-04-08 13:04:31,891 [Worker-10: Launching mavenrun-201a8295-d437-4070-90ac-3981ace6c8f7] INFO  o.eclipse.m2e.core.internal.Bundles - 	Entry: C:\Users\Divyanshu\.p2\pool\plugins\org.eclipse.m2e.maven.runtime_3.8.701.20230209-1606\jars\maven-repository-metadata-3.8.7.jar
2023-04-08 13:04:31,892 [Worker-10: Launching mavenrun-201a8295-d437-4070-90ac-3981ace6c8f7] INFO  o.eclipse.m2e.core.internal.Bundles - 	Entry: C:\Users\Divyanshu\.p2\pool\plugins\org.eclipse.m2e.maven.runtime_3.8.701.20230209-1606\jars\maven-resolver-api-1.6.3.jar
2023-04-08 13:04:31,892 [Worker-10: Launching mavenrun-201a8295-d437-4070-90ac-3981ace6c8f7] INFO  o.eclipse.m2e.core.internal.Bundles - 	Entry: C:\Users\Divyanshu\.p2\pool\plugins\org.eclipse.m2e.maven.runtime_3.8.701.20230209-1606\jars\maven-resolver-connector-basic-1.6.3.jar
2023-04-08 13:04:31,892 [Worker-10: Launching mavenrun-201a8295-d437-4070-90ac-3981ace6c8f7] INFO  o.eclipse.m2e.core.internal.Bundles - 	Entry: C:\Users\Divyanshu\.p2\pool\plugins\org.eclipse.m2e.maven.runtime_3.8.701.20230209-1606\jars\maven-resolver-impl-1.6.3.jar
2023-04-08 13:04:31,893 [Worker-10: Launching mavenrun-201a8295-d437-4070-90ac-3981ace6c8f7] INFO  o.eclipse.m2e.core.internal.Bundles - 	Entry: C:\Users\Divyanshu\.p2\pool\plugins\org.eclipse.m2e.maven.runtime_3.8.701.20230209-1606\jars\maven-resolver-provider-3.8.7.jar
2023-04-08 13:04:31,893 [Worker-10: Launching mavenrun-201a8295-d437-4070-90ac-3981ace6c8f7] INFO  o.eclipse.m2e.core.internal.Bundles - 	Entry: C:\Users\Divyanshu\.p2\pool\plugins\org.eclipse.m2e.maven.runtime_3.8.701.20230209-1606\jars\maven-resolver-spi-1.6.3.jar
2023-04-08 13:04:31,893 [Worker-10: Launching mavenrun-201a8295-d437-4070-90ac-3981ace6c8f7] INFO  o.eclipse.m2e.core.internal.Bundles - 	Entry: C:\Users\Divyanshu\.p2\pool\plugins\org.eclipse.m2e.maven.runtime_3.8.701.20230209-1606\jars\maven-resolver-transport-wagon-1.6.3.jar
2023-04-08 13:04:31,894 [Worker-10: Launching mavenrun-201a8295-d437-4070-90ac-3981ace6c8f7] INFO  o.eclipse.m2e.core.internal.Bundles - 	Entry: C:\Users\Divyanshu\.p2\pool\plugins\org.eclipse.m2e.maven.runtime_3.8.701.20230209-1606\jars\maven-resolver-util-1.6.3.jar
2023-04-08 13:04:31,895 [Worker-10: Launching mavenrun-201a8295-d437-4070-90ac-3981ace6c8f7] INFO  o.eclipse.m2e.core.internal.Bundles - 	Entry: C:\Users\Divyanshu\.p2\pool\plugins\org.eclipse.m2e.maven.runtime_3.8.701.20230209-1606\jars\maven-settings-3.8.7.jar
2023-04-08 13:04:31,895 [Worker-10: Launching mavenrun-201a8295-d437-4070-90ac-3981ace6c8f7] INFO  o.eclipse.m2e.core.internal.Bundles - 	Entry: C:\Users\Divyanshu\.p2\pool\plugins\org.eclipse.m2e.maven.runtime_3.8.701.20230209-1606\jars\maven-settings-builder-3.8.7.jar
2023-04-08 13:04:31,896 [Worker-10: Launching mavenrun-201a8295-d437-4070-90ac-3981ace6c8f7] INFO  o.eclipse.m2e.core.internal.Bundles - 	Entry: C:\Users\Divyanshu\.p2\pool\plugins\org.eclipse.m2e.maven.runtime_3.8.701.20230209-1606\jars\maven-shared-utils-3.3.4.jar
2023-04-08 13:04:31,896 [Worker-10: Launching mavenrun-201a8295-d437-4070-90ac-3981ace6c8f7] INFO  o.eclipse.m2e.core.internal.Bundles - 	Entry: C:\Users\Divyanshu\.p2\pool\plugins\org.eclipse.m2e.maven.runtime_3.8.701.20230209-1606\jars\okhttp-3.14.1.jar
2023-04-08 13:04:31,897 [Worker-10: Launching mavenrun-201a8295-d437-4070-90ac-3981ace6c8f7] INFO  o.eclipse.m2e.core.internal.Bundles - 	Entry: C:\Users\Divyanshu\.p2\pool\plugins\org.eclipse.m2e.maven.runtime_3.8.701.20230209-1606\jars\okio-1.17.3.jar
2023-04-08 13:04:31,897 [Worker-10: Launching mavenrun-201a8295-d437-4070-90ac-3981ace6c8f7] INFO  o.eclipse.m2e.core.internal.Bundles - 	Entry: C:\Users\Divyanshu\.p2\pool\plugins\org.eclipse.m2e.maven.runtime_3.8.701.20230209-1606\jars\org.eclipse.sisu.inject-0.3.5.jar
2023-04-08 13:04:31,898 [Worker-10: Launching mavenrun-201a8295-d437-4070-90ac-3981ace6c8f7] INFO  o.eclipse.m2e.core.internal.Bundles - 	Entry: C:\Users\Divyanshu\.p2\pool\plugins\org.eclipse.m2e.maven.runtime_3.8.701.20230209-1606\jars\org.eclipse.sisu.plexus-0.3.5.jar
2023-04-08 13:04:31,898 [Worker-10: Launching mavenrun-201a8295-d437-4070-90ac-3981ace6c8f7] INFO  o.eclipse.m2e.core.internal.Bundles - 	Entry: C:\Users\Divyanshu\.p2\pool\plugins\org.eclipse.m2e.maven.runtime_3.8.701.20230209-1606\jars\plexus-build-api-0.0.7.jar
2023-04-08 13:04:31,899 [Worker-10: Launching mavenrun-201a8295-d437-4070-90ac-3981ace6c8f7] INFO  o.eclipse.m2e.core.internal.Bundles - 	Entry: C:\Users\Divyanshu\.p2\pool\plugins\org.eclipse.m2e.maven.runtime_3.8.701.20230209-1606\jars\plexus-cipher-2.0.jar
2023-04-08 13:04:31,899 [Worker-10: Launching mavenrun-201a8295-d437-4070-90ac-3981ace6c8f7] INFO  o.eclipse.m2e.core.internal.Bundles - 	Entry: C:\Users\Divyanshu\.p2\pool\plugins\org.eclipse.m2e.maven.runtime_3.8.701.20230209-1606\jars\plexus-classworlds-2.6.0.jar
2023-04-08 13:04:31,900 [Worker-10: Launching mavenrun-201a8295-d437-4070-90ac-3981ace6c8f7] INFO  o.eclipse.m2e.core.internal.Bundles - 	Entry: C:\Users\Divyanshu\.p2\pool\plugins\org.eclipse.m2e.maven.runtime_3.8.701.20230209-1606\jars\plexus-component-annotations-2.1.0.jar
2023-04-08 13:04:31,900 [Worker-10: Launching mavenrun-201a8295-d437-4070-90ac-3981ace6c8f7] INFO  o.eclipse.m2e.core.internal.Bundles - 	Entry: C:\Users\Divyanshu\.p2\pool\plugins\org.eclipse.m2e.maven.runtime_3.8.701.20230209-1606\jars\plexus-interpolation-1.26.jar
2023-04-08 13:04:31,901 [Worker-10: Launching mavenrun-201a8295-d437-4070-90ac-3981ace6c8f7] INFO  o.eclipse.m2e.core.internal.Bundles - 	Entry: C:\Users\Divyanshu\.p2\pool\plugins\org.eclipse.m2e.maven.runtime_3.8.701.20230209-1606\jars\plexus-sec-dispatcher-2.0.jar
2023-04-08 13:04:31,901 [Worker-10: Launching mavenrun-201a8295-d437-4070-90ac-3981ace6c8f7] INFO  o.eclipse.m2e.core.internal.Bundles - 	Entry: C:\Users\Divyanshu\.p2\pool\plugins\org.eclipse.m2e.maven.runtime_3.8.701.20230209-1606\jars\plexus-utils-3.3.1.jar
2023-04-08 13:04:31,901 [Worker-10: Launching mavenrun-201a8295-d437-4070-90ac-3981ace6c8f7] INFO  o.eclipse.m2e.core.internal.Bundles - 	Entry: C:\Users\Divyanshu\.p2\pool\plugins\org.eclipse.m2e.maven.runtime_3.8.701.20230209-1606\jars\wagon-file-3.5.3.jar
2023-04-08 13:04:31,902 [Worker-10: Launching mavenrun-201a8295-d437-4070-90ac-3981ace6c8f7] INFO  o.eclipse.m2e.core.internal.Bundles - 	Entry: C:\Users\Divyanshu\.p2\pool\plugins\org.eclipse.m2e.maven.runtime_3.8.701.20230209-1606\jars\wagon-provider-api-3.5.3.jar
2023-04-08 13:04:31,905 [Worker-10: Launching mavenrun-201a8295-d437-4070-90ac-3981ace6c8f7] INFO  o.eclipse.m2e.core.internal.Bundles - getClasspathEntries(Bundle=com.google.guava_31.1.0.jre [9])
2023-04-08 13:04:31,907 [Worker-10: Launching mavenrun-201a8295-d437-4070-90ac-3981ace6c8f7] INFO  o.eclipse.m2e.core.internal.Bundles - 	Entry: C:\Users\Divyanshu\.p2\pool\plugins\com.google.guava_31.1.0.jre.jar
2023-04-08 13:04:31,907 [Worker-10: Launching mavenrun-201a8295-d437-4070-90ac-3981ace6c8f7] INFO  o.eclipse.m2e.core.internal.Bundles - getClasspathEntries(Bundle=slf4j.api_1.7.36 [441])
2023-04-08 13:04:31,909 [Worker-10: Launching mavenrun-201a8295-d437-4070-90ac-3981ace6c8f7] INFO  o.eclipse.m2e.core.internal.Bundles - 	Entry: C:\Users\Divyanshu\.p2\pool\plugins\slf4j.api_1.7.36.jar
2023-04-08 13:04:31,909 [Worker-10: Launching mavenrun-201a8295-d437-4070-90ac-3981ace6c8f7] INFO  o.eclipse.m2e.core.internal.Bundles - getClasspathEntries(Bundle=javax.inject_1.0.0.v20220405-0441 [21])
2023-04-08 13:04:31,911 [Worker-10: Launching mavenrun-201a8295-d437-4070-90ac-3981ace6c8f7] INFO  o.eclipse.m2e.core.internal.Bundles - 	Entry: C:\Users\Divyanshu\.p2\pool\plugins\javax.inject_1.0.0.v20220405-0441.jar
2023-04-08 13:04:31,912 [Worker-10: Launching mavenrun-201a8295-d437-4070-90ac-3981ace6c8f7] INFO  o.eclipse.m2e.core.internal.Bundles - getClasspathEntries(Bundle=javax.annotation_1.3.5.v20221203-1659 [19])
2023-04-08 13:04:31,915 [Worker-10: Launching mavenrun-201a8295-d437-4070-90ac-3981ace6c8f7] INFO  o.eclipse.m2e.core.internal.Bundles - 	Entry: C:\Users\Divyanshu\.p2\pool\plugins\javax.annotation_1.3.5.v20221203-1659.jar
2023-04-08 13:04:31,915 [Worker-10: Launching mavenrun-201a8295-d437-4070-90ac-3981ace6c8f7] INFO  o.eclipse.m2e.core.internal.Bundles - getClasspathEntries(Bundle=org.apache.commons.cli_1.4.0.v20221112-0806 [41])
2023-04-08 13:04:31,917 [Worker-10: Launching mavenrun-201a8295-d437-4070-90ac-3981ace6c8f7] INFO  o.eclipse.m2e.core.internal.Bundles - 	Entry: C:\Users\Divyanshu\.p2\pool\plugins\org.apache.commons.cli_1.4.0.v20221112-0806.jar
2023-04-08 13:04:31,917 [Worker-10: Launching mavenrun-201a8295-d437-4070-90ac-3981ace6c8f7] INFO  o.eclipse.m2e.core.internal.Bundles - getClasspathEntries(Bundle=com.google.guava.failureaccess_1.0.1 [11])
2023-04-08 13:04:31,920 [Worker-10: Launching mavenrun-201a8295-d437-4070-90ac-3981ace6c8f7] INFO  o.eclipse.m2e.core.internal.Bundles - 	Entry: C:\Users\Divyanshu\.p2\pool\plugins\com.google.guava.failureaccess_1.0.1.jar
2023-04-08 13:04:31,937 [Worker-10: Launching mavenrun-201a8295-d437-4070-90ac-3981ace6c8f7] INFO  o.e.m.i.launch.MavenLaunchDelegate - Run build in "C:\Users\DIVYAN~1\AppData\Local\Temp\m2e-archetypeGenerator10648977514826742393":
2023-04-08 13:04:31,942 [Worker-10: Launching mavenrun-201a8295-d437-4070-90ac-3981ace6c8f7] INFO  o.e.m.i.launch.MavenLaunchDelegate -  mvn  -DarchetypeGroupId=org.apache.maven.archetypes -DarchetypeArtifactId=maven-archetype-webapp -DarchetypeVersion=1.4 -DgroupId=com.divyanshu -DartifactId=mavenServletJsp -Dversion=0.0.1-SNAPSHOT -Dpackage=com.divyanshu.mavenServletJsp -DoutputDirectory=C:\Users\Divyanshu\Documents\mavenWorkspace -B -Dstyle.color=always -U archetype:generate
2023-04-08 13:04:50,787 [Worker-11: Creating maven-archetype-webapp] INFO  o.e.m.c.i.p.ProjectConfigurationManager - Collecting project info '/pom.xml' C:\Users\Divyanshu\Documents\mavenWorkspace\mavenServletJsp\pom.xml
2023-04-08 13:04:52,175 [Worker-11: Creating maven-archetype-webapp] INFO  o.e.m.c.i.l.LifecycleMappingFactory - Using org.maven.ide.eclipse.wtp.WarLifecycleMapping lifecycle mapping for MavenProject: com.divyanshu:mavenServletJsp:0.0.1-SNAPSHOT @ C:\Users\Divyanshu\Documents\mavenWorkspace\mavenServletJsp\pom.xml.
2023-04-08 13:04:54,106 [Worker-11: Creating maven-archetype-webapp] INFO  o.e.m.j.i.AbstractJavaProjectConfigurator - Adding source folder /mavenServletJsp/src/main/java
2023-04-08 13:04:54,108 [Worker-11: Creating maven-archetype-webapp] INFO  o.e.m.j.i.AbstractJavaProjectConfigurator - Adding source folder /mavenServletJsp/src/test/java
2023-04-08 13:04:57,317 [Worker-11: Creating maven-archetype-webapp] INFO  o.e.m.c.i.p.ProjectConfigurationManager - Imported and configured 1 project(s) in 6 sec
2023-04-08 13:04:57,955 [Worker-2: Building] INFO  o.e.m.c.i.embedder.EclipseLogger - Using 'UTF-8' encoding to copy filtered resources.
2023-04-08 13:04:57,955 [Worker-2: Building] INFO  o.e.m.c.i.embedder.EclipseLogger - skip non existing resourceDirectory C:\Users\Divyanshu\Documents\mavenWorkspace\mavenServletJsp\src\main\resources
2023-04-08 13:04:57,965 [Worker-2: Building] INFO  o.e.m.c.i.embedder.EclipseLogger - Using 'UTF-8' encoding to copy filtered resources.
2023-04-08 13:04:57,965 [Worker-2: Building] INFO  o.e.m.c.i.embedder.EclipseLogger - skip non existing resourceDirectory C:\Users\Divyanshu\Documents\mavenWorkspace\mavenServletJsp\src\test\resources
2023-04-08 13:05:52,318 [Worker-0: Building] INFO  o.e.m.c.i.l.LifecycleMappingFactory - Using org.maven.ide.eclipse.wtp.WarLifecycleMapping lifecycle mapping for MavenProject: com.divyanshu:mavenServletJsp:0.0.1-SNAPSHOT @ C:\Users\Divyanshu\Documents\mavenWorkspace\mavenServletJsp\pom.xml.
2023-04-08 13:05:53,276 [Worker-0: Building] INFO  o.e.m.c.i.embedder.EclipseLogger - Using 'UTF-8' encoding to copy filtered resources.
2023-04-08 13:05:53,277 [Worker-0: Building] INFO  o.e.m.c.i.embedder.EclipseLogger - skip non existing resourceDirectory C:\Users\Divyanshu\Documents\mavenWorkspace\mavenServletJsp\src\main\resources
2023-04-08 13:05:53,281 [Worker-0: Building] INFO  o.e.m.c.i.embedder.EclipseLogger - Using 'UTF-8' encoding to copy filtered resources.
2023-04-08 13:05:53,281 [Worker-0: Building] INFO  o.e.m.c.i.embedder.EclipseLogger - skip non existing resourceDirectory C:\Users\Divyanshu\Documents\mavenWorkspace\mavenServletJsp\src\test\resources
2023-04-08 13:05:53,390 [Worker-0: Building] INFO  o.e.m.w.i.f.ResourceFilteringBuildParticipant - Changed resources require a complete clean of filtered resources of mavenServletJsp
2023-04-08 13:05:53,391 [Worker-0: Building] INFO  o.e.m.w.i.f.ResourceFilteringBuildParticipant - Executing resource filtering for mavenServletJsp
2023-04-08 13:06:49,489 [Worker-13: Building] INFO  o.e.m.c.i.embedder.EclipseLogger - Using 'UTF-8' encoding to copy filtered resources.
2023-04-08 13:06:49,490 [Worker-13: Building] INFO  o.e.m.c.i.embedder.EclipseLogger - skip non existing resourceDirectory C:\Users\Divyanshu\Documents\mavenWorkspace\mavenServletJsp\src\main\resources
2023-04-08 13:06:49,495 [Worker-13: Building] INFO  o.e.m.c.i.embedder.EclipseLogger - Using 'UTF-8' encoding to copy filtered resources.
2023-04-08 13:06:49,496 [Worker-13: Building] INFO  o.e.m.c.i.embedder.EclipseLogger - skip non existing resourceDirectory C:\Users\Divyanshu\Documents\mavenWorkspace\mavenServletJsp\src\test\resources
2023-04-08 13:12:24,419 [Worker-15: Building] INFO  o.e.m.c.i.embedder.EclipseLogger - Using 'UTF-8' encoding to copy filtered resources.
2023-04-08 13:12:24,419 [Worker-15: Building] INFO  o.e.m.c.i.embedder.EclipseLogger - skip non existing resourceDirectory C:\Users\Divyanshu\Documents\mavenWorkspace\mavenServletJsp\src\main\resources
2023-04-08 13:12:24,425 [Worker-15: Building] INFO  o.e.m.c.i.embedder.EclipseLogger - Using 'UTF-8' encoding to copy filtered resources.
2023-04-08 13:12:24,425 [Worker-15: Building] INFO  o.e.m.c.i.embedder.EclipseLogger - skip non existing resourceDirectory C:\Users\Divyanshu\Documents\mavenWorkspace\mavenServletJsp\src\test\resources
2023-04-08 13:17:46,117 [Worker-15: Building] INFO  o.e.m.c.i.embedder.EclipseLogger - Using 'UTF-8' encoding to copy filtered resources.
2023-04-08 13:17:46,117 [Worker-15: Building] INFO  o.e.m.c.i.embedder.EclipseLogger - skip non existing resourceDirectory C:\Users\Divyanshu\Documents\mavenWorkspace\mavenServletJsp\src\main\resources
2023-04-08 13:17:46,126 [Worker-15: Building] INFO  o.e.m.c.i.embedder.EclipseLogger - Using 'UTF-8' encoding to copy filtered resources.
2023-04-08 13:17:46,127 [Worker-15: Building] INFO  o.e.m.c.i.embedder.EclipseLogger - skip non existing resourceDirectory C:\Users\Divyanshu\Documents\mavenWorkspace\mavenServletJsp\src\test\resources
2023-04-08 13:22:56,715 [Worker-6: Building] INFO  o.e.m.c.i.embedder.EclipseLogger - Using 'UTF-8' encoding to copy filtered resources.
2023-04-08 13:22:56,716 [Worker-6: Building] INFO  o.e.m.c.i.embedder.EclipseLogger - skip non existing resourceDirectory C:\Users\Divyanshu\Documents\mavenWorkspace\mavenServletJsp\src\main\resources
2023-04-08 13:22:56,721 [Worker-6: Building] INFO  o.e.m.c.i.embedder.EclipseLogger - Using 'UTF-8' encoding to copy filtered resources.
2023-04-08 13:22:56,722 [Worker-6: Building] INFO  o.e.m.c.i.embedder.EclipseLogger - skip non existing resourceDirectory C:\Users\Divyanshu\Documents\mavenWorkspace\mavenServletJsp\src\test\resources
2023-04-08 15:26:44,184 [Worker-21: Building] INFO  o.e.m.c.i.embedder.EclipseLogger - Using 'UTF-8' encoding to copy filtered resources.
2023-04-08 15:26:44,185 [Worker-21: Building] INFO  o.e.m.c.i.embedder.EclipseLogger - skip non existing resourceDirectory C:\Users\Divyanshu\Documents\mavenWorkspace\mavenServletJsp\src\main\resources
2023-04-08 15:26:44,191 [Worker-21: Building] INFO  o.e.m.c.i.embedder.EclipseLogger - Using 'UTF-8' encoding to copy filtered resources.
2023-04-08 15:26:44,191 [Worker-21: Building] INFO  o.e.m.c.i.embedder.EclipseLogger - skip non existing resourceDirectory C:\Users\Divyanshu\Documents\mavenWorkspace\mavenServletJsp\src\test\resources
2023-04-08 15:27:21,005 [Worker-23: Building Workspace] INFO  o.e.m.c.i.embedder.EclipseLogger - Using 'UTF-8' encoding to copy filtered resources.
2023-04-08 15:27:21,005 [Worker-23: Building Workspace] INFO  o.e.m.c.i.embedder.EclipseLogger - skip non existing resourceDirectory C:\Users\Divyanshu\Documents\mavenWorkspace\mavenServletJsp\src\main\resources
2023-04-08 15:27:21,010 [Worker-23: Building Workspace] INFO  o.e.m.c.i.embedder.EclipseLogger - Using 'UTF-8' encoding to copy filtered resources.
2023-04-08 15:27:21,011 [Worker-23: Building Workspace] INFO  o.e.m.c.i.embedder.EclipseLogger - skip non existing resourceDirectory C:\Users\Divyanshu\Documents\mavenWorkspace\mavenServletJsp\src\test\resources
2023-04-08 15:29:13,410 [Worker-29: Launching mavenrun-c6121ce1-0cbd-40c8-9046-c8153dea47e8] INFO  o.e.m.i.launch.MavenLaunchDelegate - Run build in "C:\Users\DIVYAN~1\AppData\Local\Temp\m2e-archetypeGenerator4018326797271048937":
2023-04-08 15:29:13,411 [Worker-29: Launching mavenrun-c6121ce1-0cbd-40c8-9046-c8153dea47e8] INFO  o.e.m.i.launch.MavenLaunchDelegate -  mvn  -DarchetypeGroupId=org.apache.maven.archetypes -DarchetypeArtifactId=maven-archetype-webapp -DarchetypeVersion=1.4 -DgroupId=com.divyanshu -DartifactId=MavenServletJsp -Dversion=0.0.1-SNAPSHOT -Dpackage=com.divyanshu.MavenServletJsp -DoutputDirectory=C:\Users\Divyanshu\Documents\mavenWorkspace -B -Dstyle.color=always -U archetype:generate
2023-04-08 15:29:25,994 [Worker-26: Creating maven-archetype-webapp] INFO  o.e.m.c.i.p.ProjectConfigurationManager - Collecting project info '/pom.xml' C:\Users\Divyanshu\Documents\mavenWorkspace\MavenServletJsp\pom.xml
2023-04-08 15:29:26,597 [Worker-26: Creating maven-archetype-webapp] INFO  o.e.m.c.i.l.LifecycleMappingFactory - Using org.maven.ide.eclipse.wtp.WarLifecycleMapping lifecycle mapping for MavenProject: com.divyanshu:MavenServletJsp:0.0.1-SNAPSHOT @ C:\Users\Divyanshu\Documents\mavenWorkspace\MavenServletJsp\pom.xml.
2023-04-08 15:29:27,314 [Worker-26: Creating maven-archetype-webapp] INFO  o.e.m.j.i.AbstractJavaProjectConfigurator - Adding source folder /MavenServletJsp/src/main/java
2023-04-08 15:29:27,315 [Worker-26: Creating maven-archetype-webapp] INFO  o.e.m.j.i.AbstractJavaProjectConfigurator - Adding source folder /MavenServletJsp/src/test/java
2023-04-08 15:29:28,147 [Worker-26: Creating maven-archetype-webapp] INFO  o.e.m.c.i.p.ProjectConfigurationManager - Imported and configured 1 project(s) in 2 sec
2023-04-08 15:29:28,525 [Worker-25: Building] INFO  o.e.m.c.i.embedder.EclipseLogger - Using 'UTF-8' encoding to copy filtered resources.
2023-04-08 15:29:28,526 [Worker-25: Building] INFO  o.e.m.c.i.embedder.EclipseLogger - skip non existing resourceDirectory C:\Users\Divyanshu\Documents\mavenWorkspace\MavenServletJsp\src\main\resources
2023-04-08 15:29:28,531 [Worker-25: Building] INFO  o.e.m.c.i.embedder.EclipseLogger - Using 'UTF-8' encoding to copy filtered resources.
2023-04-08 15:29:28,531 [Worker-25: Building] INFO  o.e.m.c.i.embedder.EclipseLogger - skip non existing resourceDirectory C:\Users\Divyanshu\Documents\mavenWorkspace\MavenServletJsp\src\test\resources
2023-04-08 15:29:29,565 [Worker-28: Building] INFO  o.e.m.c.i.embedder.EclipseLogger - Using 'UTF-8' encoding to copy filtered resources.
2023-04-08 15:29:29,565 [Worker-28: Building] INFO  o.e.m.c.i.embedder.EclipseLogger - skip non existing resourceDirectory C:\Users\Divyanshu\Documents\mavenWorkspace\MavenServletJsp\src\main\resources
2023-04-08 15:29:29,580 [Worker-28: Building] INFO  o.e.m.c.i.embedder.EclipseLogger - Using 'UTF-8' encoding to copy filtered resources.
2023-04-08 15:29:29,581 [Worker-28: Building] INFO  o.e.m.c.i.embedder.EclipseLogger - skip non existing resourceDirectory C:\Users\Divyanshu\Documents\mavenWorkspace\MavenServletJsp\src\test\resources
2023-04-08 15:29:36,918 [Worker-21: Building] INFO  o.e.m.c.i.embedder.EclipseLogger - Using 'UTF-8' encoding to copy filtered resources.
2023-04-08 15:29:36,919 [Worker-21: Building] INFO  o.e.m.c.i.embedder.EclipseLogger - skip non existing resourceDirectory C:\Users\Divyanshu\Documents\mavenWorkspace\MavenServletJsp\src\main\resources
2023-04-08 15:29:36,922 [Worker-21: Building] INFO  o.e.m.c.i.embedder.EclipseLogger - Using 'UTF-8' encoding to copy filtered resources.
2023-04-08 15:29:36,922 [Worker-21: Building] INFO  o.e.m.c.i.embedder.EclipseLogger - skip non existing resourceDirectory C:\Users\Divyanshu\Documents\mavenWorkspace\MavenServletJsp\src\test\resources
2023-04-08 15:31:18,939 [Worker-25: Building] INFO  o.e.m.c.i.embedder.EclipseLogger - Using 'UTF-8' encoding to copy filtered resources.
2023-04-08 15:31:18,939 [Worker-25: Building] INFO  o.e.m.c.i.embedder.EclipseLogger - skip non existing resourceDirectory C:\Users\Divyanshu\Documents\mavenWorkspace\MavenServletJsp\src\main\resources
2023-04-08 15:31:18,944 [Worker-25: Building] INFO  o.e.m.c.i.embedder.EclipseLogger - Using 'UTF-8' encoding to copy filtered resources.
2023-04-08 15:31:18,945 [Worker-25: Building] INFO  o.e.m.c.i.embedder.EclipseLogger - skip non existing resourceDirectory C:\Users\Divyanshu\Documents\mavenWorkspace\MavenServletJsp\src\test\resources
2023-04-08 15:33:47,189 [Worker-21: Building] INFO  o.e.m.c.i.embedder.EclipseLogger - Using 'UTF-8' encoding to copy filtered resources.
2023-04-08 15:33:47,190 [Worker-21: Building] INFO  o.e.m.c.i.embedder.EclipseLogger - skip non existing resourceDirectory C:\Users\Divyanshu\Documents\mavenWorkspace\MavenServletJsp\src\main\resources
2023-04-08 15:33:47,195 [Worker-21: Building] INFO  o.e.m.c.i.embedder.EclipseLogger - Using 'UTF-8' encoding to copy filtered resources.
2023-04-08 15:33:47,196 [Worker-21: Building] INFO  o.e.m.c.i.embedder.EclipseLogger - skip non existing resourceDirectory C:\Users\Divyanshu\Documents\mavenWorkspace\MavenServletJsp\src\test\resources
2023-04-08 15:35:23,663 [Worker-30: Building] INFO  o.e.m.c.i.embedder.EclipseLogger - Using 'UTF-8' encoding to copy filtered resources.
2023-04-08 15:35:23,663 [Worker-30: Building] INFO  o.e.m.c.i.embedder.EclipseLogger - skip non existing resourceDirectory C:\Users\Divyanshu\Documents\mavenWorkspace\MavenServletJsp\src\main\resources
2023-04-08 15:35:23,668 [Worker-30: Building] INFO  o.e.m.c.i.embedder.EclipseLogger - Using 'UTF-8' encoding to copy filtered resources.
2023-04-08 15:35:23,668 [Worker-30: Building] INFO  o.e.m.c.i.embedder.EclipseLogger - skip non existing resourceDirectory C:\Users\Divyanshu\Documents\mavenWorkspace\MavenServletJsp\src\test\resources
2023-04-08 15:38:24,135 [Worker-27: Building] INFO  o.e.m.c.i.embedder.EclipseLogger - Using 'UTF-8' encoding to copy filtered resources.
2023-04-08 15:38:24,135 [Worker-27: Building] INFO  o.e.m.c.i.embedder.EclipseLogger - skip non existing resourceDirectory C:\Users\Divyanshu\Documents\mavenWorkspace\MavenServletJsp\src\main\resources
2023-04-08 15:38:24,143 [Worker-27: Building] INFO  o.e.m.c.i.embedder.EclipseLogger - Using 'UTF-8' encoding to copy filtered resources.
2023-04-08 15:38:24,143 [Worker-27: Building] INFO  o.e.m.c.i.embedder.EclipseLogger - skip non existing resourceDirectory C:\Users\Divyanshu\Documents\mavenWorkspace\MavenServletJsp\src\test\resources
2023-04-08 15:39:36,975 [Worker-27: Building] INFO  o.e.m.c.i.embedder.EclipseLogger - Using 'UTF-8' encoding to copy filtered resources.
2023-04-08 15:39:36,976 [Worker-27: Building] INFO  o.e.m.c.i.embedder.EclipseLogger - skip non existing resourceDirectory C:\Users\Divyanshu\Documents\mavenWorkspace\MavenServletJsp\src\main\resources
2023-04-08 15:39:36,981 [Worker-27: Building] INFO  o.e.m.c.i.embedder.EclipseLogger - Using 'UTF-8' encoding to copy filtered resources.
2023-04-08 15:39:36,982 [Worker-27: Building] INFO  o.e.m.c.i.embedder.EclipseLogger - skip non existing resourceDirectory C:\Users\Divyanshu\Documents\mavenWorkspace\MavenServletJsp\src\test\resources
2023-04-08 15:39:39,553 [Worker-25: Building] INFO  o.e.m.c.i.embedder.EclipseLogger - Using 'UTF-8' encoding to copy filtered resources.
2023-04-08 15:39:39,553 [Worker-25: Building] INFO  o.e.m.c.i.embedder.EclipseLogger - skip non existing resourceDirectory C:\Users\Divyanshu\Documents\mavenWorkspace\MavenServletJsp\src\main\resources
2023-04-08 15:39:39,557 [Worker-25: Building] INFO  o.e.m.c.i.embedder.EclipseLogger - Using 'UTF-8' encoding to copy filtered resources.
2023-04-08 15:39:39,557 [Worker-25: Building] INFO  o.e.m.c.i.embedder.EclipseLogger - skip non existing resourceDirectory C:\Users\Divyanshu\Documents\mavenWorkspace\MavenServletJsp\src\test\resources
2023-04-08 15:42:48,725 [Worker-25: Building] INFO  o.e.m.c.i.embedder.EclipseLogger - Using 'UTF-8' encoding to copy filtered resources.
2023-04-08 15:42:48,726 [Worker-25: Building] INFO  o.e.m.c.i.embedder.EclipseLogger - skip non existing resourceDirectory C:\Users\Divyanshu\Documents\mavenWorkspace\MavenServletJsp\src\main\resources
2023-04-08 15:42:48,730 [Worker-25: Building] INFO  o.e.m.c.i.embedder.EclipseLogger - Using 'UTF-8' encoding to copy filtered resources.
2023-04-08 15:42:48,730 [Worker-25: Building] INFO  o.e.m.c.i.embedder.EclipseLogger - skip non existing resourceDirectory C:\Users\Divyanshu\Documents\mavenWorkspace\MavenServletJsp\src\test\resources
2023-04-08 15:43:05,242 [Worker-23: Building] INFO  o.e.m.c.i.embedder.EclipseLogger - Using 'UTF-8' encoding to copy filtered resources.
2023-04-08 15:43:05,242 [Worker-23: Building] INFO  o.e.m.c.i.embedder.EclipseLogger - skip non existing resourceDirectory C:\Users\Divyanshu\Documents\mavenWorkspace\MavenServletJsp\src\main\resources
2023-04-08 15:43:05,247 [Worker-23: Building] INFO  o.e.m.c.i.embedder.EclipseLogger - Using 'UTF-8' encoding to copy filtered resources.
2023-04-08 15:43:05,250 [Worker-23: Building] INFO  o.e.m.c.i.embedder.EclipseLogger - skip non existing resourceDirectory C:\Users\Divyanshu\Documents\mavenWorkspace\MavenServletJsp\src\test\resources
2023-04-08 15:43:51,179 [Worker-27: Building] INFO  o.e.m.c.i.embedder.EclipseLogger - Using 'UTF-8' encoding to copy filtered resources.
2023-04-08 15:43:51,180 [Worker-27: Building] INFO  o.e.m.c.i.embedder.EclipseLogger - skip non existing resourceDirectory C:\Users\Divyanshu\Documents\mavenWorkspace\MavenServletJsp\src\main\resources
2023-04-08 15:43:51,183 [Worker-27: Building] INFO  o.e.m.c.i.embedder.EclipseLogger - Using 'UTF-8' encoding to copy filtered resources.
2023-04-08 15:43:51,184 [Worker-27: Building] INFO  o.e.m.c.i.embedder.EclipseLogger - skip non existing resourceDirectory C:\Users\Divyanshu\Documents\mavenWorkspace\MavenServletJsp\src\test\resources
2023-04-08 15:44:03,176 [Worker-29: Building] INFO  o.e.m.c.i.embedder.EclipseLogger - Using 'UTF-8' encoding to copy filtered resources.
2023-04-08 15:44:03,176 [Worker-29: Building] INFO  o.e.m.c.i.embedder.EclipseLogger - skip non existing resourceDirectory C:\Users\Divyanshu\Documents\mavenWorkspace\MavenServletJsp\src\main\resources
2023-04-08 15:44:03,181 [Worker-29: Building] INFO  o.e.m.c.i.embedder.EclipseLogger - Using 'UTF-8' encoding to copy filtered resources.
2023-04-08 15:44:03,181 [Worker-29: Building] INFO  o.e.m.c.i.embedder.EclipseLogger - skip non existing resourceDirectory C:\Users\Divyanshu\Documents\mavenWorkspace\MavenServletJsp\src\test\resources
2023-04-08 15:44:52,183 [Worker-26: Building] INFO  o.e.m.c.i.embedder.EclipseLogger - Using 'UTF-8' encoding to copy filtered resources.
2023-04-08 15:44:52,184 [Worker-26: Building] INFO  o.e.m.c.i.embedder.EclipseLogger - skip non existing resourceDirectory C:\Users\Divyanshu\Documents\mavenWorkspace\MavenServletJsp\src\main\resources
2023-04-08 15:44:52,188 [Worker-26: Building] INFO  o.e.m.c.i.embedder.EclipseLogger - Using 'UTF-8' encoding to copy filtered resources.
2023-04-08 15:44:52,188 [Worker-26: Building] INFO  o.e.m.c.i.embedder.EclipseLogger - skip non existing resourceDirectory C:\Users\Divyanshu\Documents\mavenWorkspace\MavenServletJsp\src\test\resources
2023-04-08 15:45:00,030 [Worker-24: Building] INFO  o.e.m.c.i.embedder.EclipseLogger - Using 'UTF-8' encoding to copy filtered resources.
2023-04-08 15:45:00,031 [Worker-24: Building] INFO  o.e.m.c.i.embedder.EclipseLogger - skip non existing resourceDirectory C:\Users\Divyanshu\Documents\mavenWorkspace\MavenServletJsp\src\main\resources
2023-04-08 15:45:00,033 [Worker-24: Building] INFO  o.e.m.c.i.embedder.EclipseLogger - Using 'UTF-8' encoding to copy filtered resources.
2023-04-08 15:45:00,034 [Worker-24: Building] INFO  o.e.m.c.i.embedder.EclipseLogger - skip non existing resourceDirectory C:\Users\Divyanshu\Documents\mavenWorkspace\MavenServletJsp\src\test\resources
2023-04-08 15:46:06,036 [Worker-21: Building] INFO  o.e.m.c.i.embedder.EclipseLogger - Using 'UTF-8' encoding to copy filtered resources.
2023-04-08 15:46:06,037 [Worker-21: Building] INFO  o.e.m.c.i.embedder.EclipseLogger - skip non existing resourceDirectory C:\Users\Divyanshu\Documents\mavenWorkspace\MavenServletJsp\src\main\resources
2023-04-08 15:46:06,043 [Worker-21: Building] INFO  o.e.m.c.i.embedder.EclipseLogger - Using 'UTF-8' encoding to copy filtered resources.
2023-04-08 15:46:06,043 [Worker-21: Building] INFO  o.e.m.c.i.embedder.EclipseLogger - skip non existing resourceDirectory C:\Users\Divyanshu\Documents\mavenWorkspace\MavenServletJsp\src\test\resources
2023-04-08 15:46:43,932 [Worker-23: Building] INFO  o.e.m.c.i.embedder.EclipseLogger - Using 'UTF-8' encoding to copy filtered resources.
2023-04-08 15:46:43,933 [Worker-23: Building] INFO  o.e.m.c.i.embedder.EclipseLogger - skip non existing resourceDirectory C:\Users\Divyanshu\Documents\mavenWorkspace\MavenServletJsp\src\main\resources
2023-04-08 15:46:43,939 [Worker-23: Building] INFO  o.e.m.c.i.embedder.EclipseLogger - Using 'UTF-8' encoding to copy filtered resources.
2023-04-08 15:46:43,940 [Worker-23: Building] INFO  o.e.m.c.i.embedder.EclipseLogger - skip non existing resourceDirectory C:\Users\Divyanshu\Documents\mavenWorkspace\MavenServletJsp\src\test\resources
2023-04-08 15:49:18,357 [Worker-27: Building] INFO  o.e.m.c.i.embedder.EclipseLogger - Using 'UTF-8' encoding to copy filtered resources.
2023-04-08 15:49:18,357 [Worker-27: Building] INFO  o.e.m.c.i.embedder.EclipseLogger - skip non existing resourceDirectory C:\Users\Divyanshu\Documents\mavenWorkspace\MavenServletJsp\src\main\resources
2023-04-08 15:49:18,361 [Worker-27: Building] INFO  o.e.m.c.i.embedder.EclipseLogger - Using 'UTF-8' encoding to copy filtered resources.
2023-04-08 15:49:18,362 [Worker-27: Building] INFO  o.e.m.c.i.embedder.EclipseLogger - skip non existing resourceDirectory C:\Users\Divyanshu\Documents\mavenWorkspace\MavenServletJsp\src\test\resources
2023-04-08 15:49:36,605 [Worker-21: Building] INFO  o.e.m.c.i.embedder.EclipseLogger - Using 'UTF-8' encoding to copy filtered resources.
2023-04-08 15:49:36,605 [Worker-21: Building] INFO  o.e.m.c.i.embedder.EclipseLogger - skip non existing resourceDirectory C:\Users\Divyanshu\Documents\mavenWorkspace\MavenServletJsp\src\main\resources
2023-04-08 15:49:36,610 [Worker-21: Building] INFO  o.e.m.c.i.embedder.EclipseLogger - Using 'UTF-8' encoding to copy filtered resources.
2023-04-08 15:49:36,610 [Worker-21: Building] INFO  o.e.m.c.i.embedder.EclipseLogger - skip non existing resourceDirectory C:\Users\Divyanshu\Documents\mavenWorkspace\MavenServletJsp\src\test\resources
2023-04-08 15:50:46,730 [Worker-26: Building] INFO  o.e.m.c.i.embedder.EclipseLogger - Using 'UTF-8' encoding to copy filtered resources.
2023-04-08 15:50:46,731 [Worker-26: Building] INFO  o.e.m.c.i.embedder.EclipseLogger - skip non existing resourceDirectory C:\Users\Divyanshu\Documents\mavenWorkspace\MavenServletJsp\src\main\resources
2023-04-08 15:50:46,735 [Worker-26: Building] INFO  o.e.m.c.i.embedder.EclipseLogger - Using 'UTF-8' encoding to copy filtered resources.
2023-04-08 15:50:46,735 [Worker-26: Building] INFO  o.e.m.c.i.embedder.EclipseLogger - skip non existing resourceDirectory C:\Users\Divyanshu\Documents\mavenWorkspace\MavenServletJsp\src\test\resources
2023-04-08 15:51:26,165 [Worker-30: Building] INFO  o.e.m.c.i.embedder.EclipseLogger - Using 'UTF-8' encoding to copy filtered resources.
2023-04-08 15:51:26,165 [Worker-30: Building] INFO  o.e.m.c.i.embedder.EclipseLogger - skip non existing resourceDirectory C:\Users\Divyanshu\Documents\mavenWorkspace\MavenServletJsp\src\main\resources
2023-04-08 15:51:26,168 [Worker-30: Building] INFO  o.e.m.c.i.embedder.EclipseLogger - Using 'UTF-8' encoding to copy filtered resources.
2023-04-08 15:51:26,168 [Worker-30: Building] INFO  o.e.m.c.i.embedder.EclipseLogger - skip non existing resourceDirectory C:\Users\Divyanshu\Documents\mavenWorkspace\MavenServletJsp\src\test\resources
2023-04-08 15:51:36,379 [Worker-21: Building] INFO  o.e.m.c.i.embedder.EclipseLogger - Using 'UTF-8' encoding to copy filtered resources.
2023-04-08 15:51:36,380 [Worker-21: Building] INFO  o.e.m.c.i.embedder.EclipseLogger - skip non existing resourceDirectory C:\Users\Divyanshu\Documents\mavenWorkspace\MavenServletJsp\src\main\resources
2023-04-08 15:51:36,383 [Worker-21: Building] INFO  o.e.m.c.i.embedder.EclipseLogger - Using 'UTF-8' encoding to copy filtered resources.
2023-04-08 15:51:36,383 [Worker-21: Building] INFO  o.e.m.c.i.embedder.EclipseLogger - skip non existing resourceDirectory C:\Users\Divyanshu\Documents\mavenWorkspace\MavenServletJsp\src\test\resources
2023-04-08 15:51:41,995 [Worker-21: Building] INFO  o.e.m.c.i.embedder.EclipseLogger - Using 'UTF-8' encoding to copy filtered resources.
2023-04-08 15:51:41,995 [Worker-21: Building] INFO  o.e.m.c.i.embedder.EclipseLogger - skip non existing resourceDirectory C:\Users\Divyanshu\Documents\mavenWorkspace\MavenServletJsp\src\main\resources
2023-04-08 15:51:42,000 [Worker-21: Building] INFO  o.e.m.c.i.embedder.EclipseLogger - Using 'UTF-8' encoding to copy filtered resources.
2023-04-08 15:51:42,001 [Worker-21: Building] INFO  o.e.m.c.i.embedder.EclipseLogger - skip non existing resourceDirectory C:\Users\Divyanshu\Documents\mavenWorkspace\MavenServletJsp\src\test\resources
2023-04-08 15:52:44,633 [Worker-27: Building] INFO  o.e.m.c.i.embedder.EclipseLogger - Using 'UTF-8' encoding to copy filtered resources.
2023-04-08 15:52:44,633 [Worker-27: Building] INFO  o.e.m.c.i.embedder.EclipseLogger - skip non existing resourceDirectory C:\Users\Divyanshu\Documents\mavenWorkspace\MavenServletJsp\src\main\resources
2023-04-08 15:52:44,637 [Worker-27: Building] INFO  o.e.m.c.i.embedder.EclipseLogger - Using 'UTF-8' encoding to copy filtered resources.
2023-04-08 15:52:44,637 [Worker-27: Building] INFO  o.e.m.c.i.embedder.EclipseLogger - skip non existing resourceDirectory C:\Users\Divyanshu\Documents\mavenWorkspace\MavenServletJsp\src\test\resources
2023-04-08 16:02:29,308 [Worker-27: Building] INFO  o.e.m.c.i.embedder.EclipseLogger - Using 'UTF-8' encoding to copy filtered resources.
2023-04-08 16:02:29,309 [Worker-27: Building] INFO  o.e.m.c.i.embedder.EclipseLogger - skip non existing resourceDirectory C:\Users\Divyanshu\Documents\mavenWorkspace\MavenServletJsp\src\main\resources
2023-04-08 16:02:29,313 [Worker-27: Building] INFO  o.e.m.c.i.embedder.EclipseLogger - Using 'UTF-8' encoding to copy filtered resources.
2023-04-08 16:02:29,314 [Worker-27: Building] INFO  o.e.m.c.i.embedder.EclipseLogger - skip non existing resourceDirectory C:\Users\Divyanshu\Documents\mavenWorkspace\MavenServletJsp\src\test\resources
2023-04-08 16:02:44,366 [Worker-21: Building] INFO  o.e.m.c.i.embedder.EclipseLogger - Using 'UTF-8' encoding to copy filtered resources.
2023-04-08 16:02:44,367 [Worker-21: Building] INFO  o.e.m.c.i.embedder.EclipseLogger - skip non existing resourceDirectory C:\Users\Divyanshu\Documents\mavenWorkspace\MavenServletJsp\src\main\resources
2023-04-08 16:02:44,370 [Worker-21: Building] INFO  o.e.m.c.i.embedder.EclipseLogger - Using 'UTF-8' encoding to copy filtered resources.
2023-04-08 16:02:44,370 [Worker-21: Building] INFO  o.e.m.c.i.embedder.EclipseLogger - skip non existing resourceDirectory C:\Users\Divyanshu\Documents\mavenWorkspace\MavenServletJsp\src\test\resources
2023-04-08 16:04:55,280 [Worker-29: Building] INFO  o.e.m.c.i.embedder.EclipseLogger - Using 'UTF-8' encoding to copy filtered resources.
2023-04-08 16:04:55,280 [Worker-29: Building] INFO  o.e.m.c.i.embedder.EclipseLogger - skip non existing resourceDirectory C:\Users\Divyanshu\Documents\mavenWorkspace\MavenServletJsp\src\main\resources
2023-04-08 16:04:55,284 [Worker-29: Building] INFO  o.e.m.c.i.embedder.EclipseLogger - Using 'UTF-8' encoding to copy filtered resources.
2023-04-08 16:04:55,285 [Worker-29: Building] INFO  o.e.m.c.i.embedder.EclipseLogger - skip non existing resourceDirectory C:\Users\Divyanshu\Documents\mavenWorkspace\MavenServletJsp\src\test\resources
2023-04-08 16:09:19,112 [Worker-30: Building] INFO  o.e.m.c.i.embedder.EclipseLogger - Using 'UTF-8' encoding to copy filtered resources.
2023-04-08 16:09:19,112 [Worker-30: Building] INFO  o.e.m.c.i.embedder.EclipseLogger - skip non existing resourceDirectory C:\Users\Divyanshu\Documents\mavenWorkspace\MavenServletJsp\src\main\resources
2023-04-08 16:09:19,116 [Worker-30: Building] INFO  o.e.m.c.i.embedder.EclipseLogger - Using 'UTF-8' encoding to copy filtered resources.
2023-04-08 16:09:19,116 [Worker-30: Building] INFO  o.e.m.c.i.embedder.EclipseLogger - skip non existing resourceDirectory C:\Users\Divyanshu\Documents\mavenWorkspace\MavenServletJsp\src\test\resources
2023-04-08 16:10:30,124 [Worker-30: Building] INFO  o.e.m.c.i.embedder.EclipseLogger - Using 'UTF-8' encoding to copy filtered resources.
2023-04-08 16:10:30,124 [Worker-30: Building] INFO  o.e.m.c.i.embedder.EclipseLogger - skip non existing resourceDirectory C:\Users\Divyanshu\Documents\mavenWorkspace\MavenServletJsp\src\main\resources
2023-04-08 16:10:30,129 [Worker-30: Building] INFO  o.e.m.c.i.embedder.EclipseLogger - Using 'UTF-8' encoding to copy filtered resources.
2023-04-08 16:10:30,129 [Worker-30: Building] INFO  o.e.m.c.i.embedder.EclipseLogger - skip non existing resourceDirectory C:\Users\Divyanshu\Documents\mavenWorkspace\MavenServletJsp\src\test\resources
2023-04-08 16:14:05,228 [Worker-31: Building] INFO  o.e.m.c.i.embedder.EclipseLogger - Using 'UTF-8' encoding to copy filtered resources.
2023-04-08 16:14:05,229 [Worker-31: Building] INFO  o.e.m.c.i.embedder.EclipseLogger - skip non existing resourceDirectory C:\Users\Divyanshu\Documents\mavenWorkspace\MavenServletJsp\src\main\resources
2023-04-08 16:14:05,232 [Worker-31: Building] INFO  o.e.m.c.i.embedder.EclipseLogger - Using 'UTF-8' encoding to copy filtered resources.
2023-04-08 16:14:05,232 [Worker-31: Building] INFO  o.e.m.c.i.embedder.EclipseLogger - skip non existing resourceDirectory C:\Users\Divyanshu\Documents\mavenWorkspace\MavenServletJsp\src\test\resources
2023-04-08 16:18:08,377 [Worker-33: Building] INFO  o.e.m.c.i.embedder.EclipseLogger - Using 'UTF-8' encoding to copy filtered resources.
2023-04-08 16:18:08,378 [Worker-33: Building] INFO  o.e.m.c.i.embedder.EclipseLogger - skip non existing resourceDirectory C:\Users\Divyanshu\Documents\mavenWorkspace\MavenServletJsp\src\main\resources
2023-04-08 16:18:08,383 [Worker-33: Building] INFO  o.e.m.c.i.embedder.EclipseLogger - Using 'UTF-8' encoding to copy filtered resources.
2023-04-08 16:18:08,383 [Worker-33: Building] INFO  o.e.m.c.i.embedder.EclipseLogger - skip non existing resourceDirectory C:\Users\Divyanshu\Documents\mavenWorkspace\MavenServletJsp\src\test\resources
2023-04-08 16:39:34,856 [Worker-43: Building] INFO  o.e.m.c.i.embedder.EclipseLogger - Using 'UTF-8' encoding to copy filtered resources.
2023-04-08 16:39:34,857 [Worker-43: Building] INFO  o.e.m.c.i.embedder.EclipseLogger - skip non existing resourceDirectory C:\Users\Divyanshu\Documents\mavenWorkspace\MavenServletJsp\src\main\resources
2023-04-08 16:39:34,861 [Worker-43: Building] INFO  o.e.m.c.i.embedder.EclipseLogger - Using 'UTF-8' encoding to copy filtered resources.
2023-04-08 16:39:34,861 [Worker-43: Building] INFO  o.e.m.c.i.embedder.EclipseLogger - skip non existing resourceDirectory C:\Users\Divyanshu\Documents\mavenWorkspace\MavenServletJsp\src\test\resources
2023-04-08 17:22:33,013 [Worker-49: Building] INFO  o.e.m.c.i.embedder.EclipseLogger - Using 'UTF-8' encoding to copy filtered resources.
2023-04-08 17:22:33,013 [Worker-49: Building] INFO  o.e.m.c.i.embedder.EclipseLogger - skip non existing resourceDirectory C:\Users\Divyanshu\Documents\mavenWorkspace\MavenServletJsp\src\main\resources
2023-04-08 17:22:33,017 [Worker-49: Building] INFO  o.e.m.c.i.embedder.EclipseLogger - Using 'UTF-8' encoding to copy filtered resources.
2023-04-08 17:22:33,018 [Worker-49: Building] INFO  o.e.m.c.i.embedder.EclipseLogger - skip non existing resourceDirectory C:\Users\Divyanshu\Documents\mavenWorkspace\MavenServletJsp\src\test\resources
2023-04-08 17:22:43,160 [Worker-40: Building] INFO  o.e.m.c.i.embedder.EclipseLogger - Using 'UTF-8' encoding to copy filtered resources.
2023-04-08 17:22:43,160 [Worker-40: Building] INFO  o.e.m.c.i.embedder.EclipseLogger - skip non existing resourceDirectory C:\Users\Divyanshu\Documents\mavenWorkspace\MavenServletJsp\src\main\resources
2023-04-08 17:22:43,163 [Worker-40: Building] INFO  o.e.m.c.i.embedder.EclipseLogger - Using 'UTF-8' encoding to copy filtered resources.
2023-04-08 17:22:43,164 [Worker-40: Building] INFO  o.e.m.c.i.embedder.EclipseLogger - skip non existing resourceDirectory C:\Users\Divyanshu\Documents\mavenWorkspace\MavenServletJsp\src\test\resources
2023-04-08 17:38:02,981 [Worker-58: Building] INFO  o.e.m.c.i.embedder.EclipseLogger - Using 'UTF-8' encoding to copy filtered resources.
2023-04-08 17:38:02,981 [Worker-58: Building] INFO  o.e.m.c.i.embedder.EclipseLogger - skip non existing resourceDirectory C:\Users\Divyanshu\Documents\mavenWorkspace\MavenServletJsp\src\main\resources
2023-04-08 17:38:02,985 [Worker-58: Building] INFO  o.e.m.c.i.embedder.EclipseLogger - Using 'UTF-8' encoding to copy filtered resources.
2023-04-08 17:38:02,985 [Worker-58: Building] INFO  o.e.m.c.i.embedder.EclipseLogger - skip non existing resourceDirectory C:\Users\Divyanshu\Documents\mavenWorkspace\MavenServletJsp\src\test\resources
2023-04-08 17:38:10,308 [Worker-65: Building] INFO  o.e.m.c.i.embedder.EclipseLogger - Using 'UTF-8' encoding to copy filtered resources.
2023-04-08 17:38:10,309 [Worker-65: Building] INFO  o.e.m.c.i.embedder.EclipseLogger - skip non existing resourceDirectory C:\Users\Divyanshu\Documents\mavenWorkspace\MavenServletJsp\src\main\resources
2023-04-08 17:38:10,312 [Worker-65: Building] INFO  o.e.m.c.i.embedder.EclipseLogger - Using 'UTF-8' encoding to copy filtered resources.
2023-04-08 17:38:10,313 [Worker-65: Building] INFO  o.e.m.c.i.embedder.EclipseLogger - skip non existing resourceDirectory C:\Users\Divyanshu\Documents\mavenWorkspace\MavenServletJsp\src\test\resources
2023-04-08 17:40:23,623 [Worker-71: Building] INFO  o.e.m.c.i.embedder.EclipseLogger - Using 'UTF-8' encoding to copy filtered resources.
2023-04-08 17:40:23,623 [Worker-71: Building] INFO  o.e.m.c.i.embedder.EclipseLogger - skip non existing resourceDirectory C:\Users\Divyanshu\Documents\mavenWorkspace\MavenServletJsp\src\main\resources
2023-04-08 17:40:23,626 [Worker-71: Building] INFO  o.e.m.c.i.embedder.EclipseLogger - Using 'UTF-8' encoding to copy filtered resources.
2023-04-08 17:40:23,627 [Worker-71: Building] INFO  o.e.m.c.i.embedder.EclipseLogger - skip non existing resourceDirectory C:\Users\Divyanshu\Documents\mavenWorkspace\MavenServletJsp\src\test\resources
2023-04-08 18:12:07,308 [Worker-75: Building] INFO  o.e.m.c.i.embedder.EclipseLogger - Using 'UTF-8' encoding to copy filtered resources.
2023-04-08 18:12:07,309 [Worker-75: Building] INFO  o.e.m.c.i.embedder.EclipseLogger - skip non existing resourceDirectory C:\Users\Divyanshu\Documents\mavenWorkspace\MavenServletJsp\src\main\resources
2023-04-08 18:12:07,312 [Worker-75: Building] INFO  o.e.m.c.i.embedder.EclipseLogger - Using 'UTF-8' encoding to copy filtered resources.
2023-04-08 18:12:07,313 [Worker-75: Building] INFO  o.e.m.c.i.embedder.EclipseLogger - skip non existing resourceDirectory C:\Users\Divyanshu\Documents\mavenWorkspace\MavenServletJsp\src\test\resources
2023-04-08 18:13:58,796 [Worker-77: Building] INFO  o.e.m.c.i.embedder.EclipseLogger - Using 'UTF-8' encoding to copy filtered resources.
2023-04-08 18:13:58,797 [Worker-77: Building] INFO  o.e.m.c.i.embedder.EclipseLogger - skip non existing resourceDirectory C:\Users\Divyanshu\Documents\mavenWorkspace\MavenServletJsp\src\main\resources
2023-04-08 18:13:58,800 [Worker-77: Building] INFO  o.e.m.c.i.embedder.EclipseLogger - Using 'UTF-8' encoding to copy filtered resources.
2023-04-08 18:13:58,800 [Worker-77: Building] INFO  o.e.m.c.i.embedder.EclipseLogger - skip non existing resourceDirectory C:\Users\Divyanshu\Documents\mavenWorkspace\MavenServletJsp\src\test\resources
2023-04-08 18:16:08,896 [Worker-82: Building] INFO  o.e.m.c.i.l.LifecycleMappingFactory - Using org.maven.ide.eclipse.wtp.WarLifecycleMapping lifecycle mapping for MavenProject: com.divyanshu:MavenServletJsp:0.0.1-SNAPSHOT @ C:\Users\Divyanshu\Documents\mavenWorkspace\MavenServletJsp\pom.xml.
2023-04-08 18:16:09,828 [Worker-82: Building] INFO  o.e.m.c.i.embedder.EclipseLogger - Using 'UTF-8' encoding to copy filtered resources.
2023-04-08 18:16:09,829 [Worker-82: Building] INFO  o.e.m.c.i.embedder.EclipseLogger - skip non existing resourceDirectory C:\Users\Divyanshu\Documents\mavenWorkspace\MavenServletJsp\src\main\resources
2023-04-08 18:16:09,833 [Worker-82: Building] INFO  o.e.m.c.i.embedder.EclipseLogger - Using 'UTF-8' encoding to copy filtered resources.
2023-04-08 18:16:09,833 [Worker-82: Building] INFO  o.e.m.c.i.embedder.EclipseLogger - skip non existing resourceDirectory C:\Users\Divyanshu\Documents\mavenWorkspace\MavenServletJsp\src\test\resources
2023-04-08 18:16:09,892 [Worker-82: Building] INFO  o.e.m.w.i.f.ResourceFilteringBuildParticipant - Changed resources require a complete clean of filtered resources of MavenServletJsp
2023-04-08 18:16:09,893 [Worker-82: Building] INFO  o.e.m.w.i.f.ResourceFilteringBuildParticipant - Executing resource filtering for MavenServletJsp
2023-04-08 18:17:15,876 [Worker-83: Building] INFO  o.e.m.c.i.embedder.EclipseLogger - Using 'UTF-8' encoding to copy filtered resources.
2023-04-08 18:17:15,877 [Worker-83: Building] INFO  o.e.m.c.i.embedder.EclipseLogger - skip non existing resourceDirectory C:\Users\Divyanshu\Documents\mavenWorkspace\MavenServletJsp\src\main\resources
2023-04-08 18:17:15,880 [Worker-83: Building] INFO  o.e.m.c.i.embedder.EclipseLogger - Using 'UTF-8' encoding to copy filtered resources.
2023-04-08 18:17:15,880 [Worker-83: Building] INFO  o.e.m.c.i.embedder.EclipseLogger - skip non existing resourceDirectory C:\Users\Divyanshu\Documents\mavenWorkspace\MavenServletJsp\src\test\resources
2023-04-08 18:18:39,280 [Worker-83: Building] INFO  o.e.m.c.i.embedder.EclipseLogger - Using 'UTF-8' encoding to copy filtered resources.
2023-04-08 18:18:39,281 [Worker-83: Building] INFO  o.e.m.c.i.embedder.EclipseLogger - skip non existing resourceDirectory C:\Users\Divyanshu\Documents\mavenWorkspace\MavenServletJsp\src\main\resources
2023-04-08 18:18:39,284 [Worker-83: Building] INFO  o.e.m.c.i.embedder.EclipseLogger - Using 'UTF-8' encoding to copy filtered resources.
2023-04-08 18:18:39,284 [Worker-83: Building] INFO  o.e.m.c.i.embedder.EclipseLogger - skip non existing resourceDirectory C:\Users\Divyanshu\Documents\mavenWorkspace\MavenServletJsp\src\test\resources
2023-04-11 10:56:44,074 [Worker-1: Loading available Gradle versions] INFO  o.e.b.c.i.u.g.PublishedGradleVersions - Gradle version information cache is out-of-date. Trying to update.
2023-04-11 11:00:30,352 [ModalContext] ERROR o.e.m.c.i.p.r.ProjectRegistryReader - Can't write workspace state
java.io.FileNotFoundException: C:\Users\Divyanshu\Documents\mavenWorkspace\.metadata\.plugins\org.eclipse.m2e.core\workspaceState.ser (The system cannot find the path specified)
	at java.base/java.io.FileOutputStream.open0(Native Method)
	at java.base/java.io.FileOutputStream.open(FileOutputStream.java:293)
	at java.base/java.io.FileOutputStream.<init>(FileOutputStream.java:235)
	at java.base/java.io.FileOutputStream.<init>(FileOutputStream.java:184)
	at org.eclipse.m2e.core.internal.project.registry.ProjectRegistryReader.createObjectOutputStream(ProjectRegistryReader.java:128)
	at org.eclipse.m2e.core.internal.project.registry.ProjectRegistryReader.writeWorkspaceState(ProjectRegistryReader.java:117)
	at org.eclipse.m2e.core.internal.project.registry.ProjectRegistryManager.writeWorkspaceState(ProjectRegistryManager.java:1009)
	at org.eclipse.m2e.core.internal.project.registry.ProjectRegistryManager.saving(ProjectRegistryManager.java:1160)
	at org.eclipse.core.internal.resources.SaveManager.executeLifecycle(SaveManager.java:393)
	at org.eclipse.core.internal.resources.SaveManager$1.run(SaveManager.java:209)
	at org.eclipse.core.runtime.SafeRunner.run(SafeRunner.java:45)
	at org.eclipse.core.internal.resources.SaveManager.broadcastLifecycle(SaveManager.java:212)
	at org.eclipse.core.internal.resources.SaveManager.save(SaveManager.java:1170)
	at org.eclipse.core.internal.resources.Workspace.save(Workspace.java:2421)
	at org.eclipse.ui.internal.ide.application.IDEWorkbenchAdvisor.lambda$1(IDEWorkbenchAdvisor.java:554)
	at org.eclipse.jface.operation.ModalContext$ModalContextThread.run(ModalContext.java:122)
2023-04-11 11:09:19,271 [Worker-7: Loading available Gradle versions] INFO  o.e.b.c.i.u.g.PublishedGradleVersions - Gradle version information cache is up-to-date. Trying to read.
2023-04-11 11:10:04,287 [Worker-4: Building] INFO  o.e.m.c.i.embedder.EclipseLogger - Using 'UTF-8' encoding to copy filtered resources.
2023-04-11 11:10:04,289 [Worker-4: Building] INFO  o.e.m.c.i.embedder.EclipseLogger - skip non existing resourceDirectory D:\a_study\Computer_Programs\java frameworks\mavenWorkspace\MavenServletJsp\src\main\resources
2023-04-11 11:10:04,297 [Worker-4: Building] INFO  o.e.m.c.i.embedder.EclipseLogger - Using 'UTF-8' encoding to copy filtered resources.
2023-04-11 11:10:04,297 [Worker-4: Building] INFO  o.e.m.c.i.embedder.EclipseLogger - skip non existing resourceDirectory D:\a_study\Computer_Programs\java frameworks\mavenWorkspace\MavenServletJsp\src\test\resources
2023-04-22 10:18:35,431 [Worker-3: Loading available Gradle versions] INFO  o.e.b.c.i.u.g.PublishedGradleVersions - Gradle version information cache is up-to-date. Trying to read.
2023-04-26 08:42:09,523 [Worker-3: Loading available Gradle versions] INFO  o.e.b.c.i.u.g.PublishedGradleVersions - Gradle version information cache is out-of-date. Trying to update.
